python-dotenv could not parse statement starting at line 12
13:34:54 [info] Productivity Past 365 Days — window 2025-06-26,2026-06-26
13:34:56 [info] Authenticated with Breezeway (token cached for this run).
13:34:56 [info] Company list endpoint not usable (status 404); assuming single-company key.
13:34:56 [info] Loaded 57 Breezeway users for name resolution.
13:34:56 [info] Resolving names → Breezeway user IDs:
13:34:56 [info]    Andy       → id 250612  (Andy Rosman)
13:34:56 [info]    Trevor     → id 250618  (Trevor Bales)
13:34:56 [info]    Calder     → id 373683  (Calder McCarron)
13:34:56 [info]    Jonah      → id 365226  (Jonah Buchanan-Caldwell)
13:34:56 [info]    Irving     → id 250622  (Irving Pantoja)
13:34:56 [info]    Chris      → id 266840  (Chris Marin)
13:34:56 [info]    Julie      → id 354488  (Julie Rohrback)
13:35:02 [info] Scanning 517 properties for ALL completed tasks 2025-06-26,2026-06-26 (attributing by finished_by to our 7 people)…
13:35:05 [info] First completed task seen → completion field = 'finished_at', name fields = [('name', 'Linens - Owner Request *Delivery on 6/29')], finished_by = 410546
13:35:22 [info]   …25/517 properties scanned (1 tasks counted so far)
13:35:54 [info]   …50/517 properties scanned (68 tasks counted so far)
13:36:33 [info]   …75/517 properties scanned (433 tasks counted so far)
13:37:19 [info]   …100/517 properties scanned (789 tasks counted so far)
13:37:53 [info]   …125/517 properties scanned (1119 tasks counted so far)
13:39:03 [info]   …150/517 properties scanned (1698 tasks counted so far)
13:39:55 [info]   …175/517 properties scanned (2113 tasks counted so far)
13:41:02 [info]   …200/517 properties scanned (2876 tasks counted so far)
13:42:10 [info]   …225/517 properties scanned (3684 tasks counted so far)
13:42:58 [info]   …250/517 properties scanned (4348 tasks counted so far)
13:44:02 [info]   …275/517 properties scanned (5229 tasks counted so far)
13:44:44 [info]   …300/517 properties scanned (5841 tasks counted so far)
13:45:24 [info]   …325/517 properties scanned (6484 tasks counted so far)
13:46:37 [info]   …350/517 properties scanned (7211 tasks counted so far)
13:47:31 [info]   …375/517 properties scanned (7969 tasks counted so far)
13:48:18 [info]   …400/517 properties scanned (8558 tasks counted so far)
13:49:22 [info]   …425/517 properties scanned (9449 tasks counted so far)
13:50:19 [info]   …450/517 properties scanned (10242 tasks counted so far)
13:51:26 [info]   …475/517 properties scanned (10752 tasks counted so far)
13:52:12 [info]   …500/517 properties scanned (11263 tasks counted so far)
13:53:07 [info] Wrote .\productivity_past_365_days.csv (1331 rows), .\productivity_past_365_days_summary.md, and .\productivity_past_365_days.json

==============================================================================
COMPLETE — 11800 tasks counted across 517/517 properties.
